<html>
<head>
<title>TestNG:  Default test</title>
<link href="../testng.css" rel="stylesheet" type="text/css" />
<link href="../my-testng.css" rel="stylesheet" type="text/css" />

<style type="text/css">
.log { display: none;} 
.stack-trace { display: none;} 
</style>
<script type="text/javascript">
<!--
function flip(e) {
  current = e.style.display;
  if (current == 'block') {
    e.style.display = 'none';
    return 0;
  }
  else {
    e.style.display = 'block';
    return 1;
  }
}

function toggleBox(szDivId, elem, msg1, msg2)
{
  var res = -1;  if (document.getElementById) {
    res = flip(document.getElementById(szDivId));
  }
  else if (document.all) {
    // this is the way old msie versions work
    res = flip(document.all[szDivId]);
  }
  if(elem) {
    if(res == 0) elem.innerHTML = msg1; else elem.innerHTML = msg2;
  }

}

function toggleAllBoxes() {
  if (document.getElementsByTagName) {
    d = document.getElementsByTagName('div');
    for (i = 0; i < d.length; i++) {
      if (d[i].className == 'log') {
        flip(d[i]);
      }
    }
  }
}

// -->
</script>

</head>
<body>
<h2 align='center'>Default test</h2><table border='1' align="center">
<tr>
<td>Tests passed/Failed/Skipped:</td><td>0/4/0</td>
</tr><tr>
<td>Started on:</td><td>Wed Feb 23 08:21:56 IST 2022</td>
</tr>
<tr><td>Total time:</td><td>1 seconds (1615 ms)</td>
</tr><tr>
<td>Included groups:</td><td></td>
</tr><tr>
<td>Excluded groups:</td><td></td>
</tr>
</table><p/>
<small><i>(Hover the method name to see the test class name)</i></small><p/>
<table width='100%' border='1' class='invocation-failed'>
<tr><td colspan='4' align='center'><b>FAILED TESTS</b></td></tr>
<tr><td><b>Test method</b></td>
<td width="30%"><b>Exception</b></td>
<td width="10%"><b>Time (seconds)</b></td>
<td><b>Instance</b></td>
</tr>
<tr>
<td title='RunnerFiles.RunnerFile.runScenario()'><b>runScenario</b><br>Test class: RunnerFiles.RunnerFile<br>Test method: Runs Cucumber Scenarios<br>Parameters: "Sign in with correct credentials", "Optional[Sign in]"</td>
<td><div><pre>java.lang.NullPointerException: Cannot invoke &quot;org.openqa.selenium.WebDriver.get(String)&quot; because &quot;StepDefinitions.StepDefinition.driver&quot; is null
	at StepDefinitions.StepDefinition.homepage_of_regex_site(StepDefinition.java:47)
	at ?.homepage of site(file:///D:/Projects/Automation/AutoProject1/src/test/resources/FeatureFiles/Signinwithcorrectcredentials.feature:5)
</pre></div><a href='#' onClick='toggleBox("stack-trace1632789609", this, "Click to show all stack frames", "Click to hide stack frames")'>Click to show all stack frames</a>
<div class='stack-trace' id='stack-trace1632789609'><pre>java.lang.NullPointerException: Cannot invoke &quot;org.openqa.selenium.WebDriver.get(String)&quot; because &quot;StepDefinitions.StepDefinition.driver&quot; is null
	at StepDefinitions.StepDefinition.homepage_of_regex_site(StepDefinition.java:47)
	at ?.homepage of site(file:///D:/Projects/Automation/AutoProject1/src/test/resources/FeatureFiles/Signinwithcorrectcredentials.feature:5)
</pre></div></td>
<td>0</td>
<td>RunnerFiles.RunnerFile@49e53c76</td></tr>
<tr>
<td title='RunnerFiles.RunnerFile.runScenario()'><b>runScenario</b><br>Test class: RunnerFiles.RunnerFile<br>Test method: Runs Cucumber Scenarios<br>Parameters: "Sign un with correct credentials", "Optional[Sign un]"</td>
<td><div><pre>java.lang.NullPointerException: Cannot invoke &quot;org.openqa.selenium.WebDriver.get(String)&quot; because &quot;StepDefinitions.StepDefinition.driver&quot; is null
	at StepDefinitions.StepDefinition.homepage_of_regex_site(StepDefinition.java:47)
	at ?.homepage of site(file:///D:/Projects/Automation/AutoProject1/src/test/resources/FeatureFiles/ASignupwithcorrectcredentials.feature:5)
</pre></div><a href='#' onClick='toggleBox("stack-trace188791662", this, "Click to show all stack frames", "Click to hide stack frames")'>Click to show all stack frames</a>
<div class='stack-trace' id='stack-trace188791662'><pre>java.lang.NullPointerException: Cannot invoke &quot;org.openqa.selenium.WebDriver.get(String)&quot; because &quot;StepDefinitions.StepDefinition.driver&quot; is null
	at StepDefinitions.StepDefinition.homepage_of_regex_site(StepDefinition.java:47)
	at ?.homepage of site(file:///D:/Projects/Automation/AutoProject1/src/test/resources/FeatureFiles/ASignupwithcorrectcredentials.feature:5)
</pre></div></td>
<td>0</td>
<td>RunnerFiles.RunnerFile@49e53c76</td></tr>
<tr>
<td title='RunnerFiles.RunnerFile.runScenario()'><b>runScenario</b><br>Test class: RunnerFiles.RunnerFile<br>Test method: Runs Cucumber Scenarios<br>Parameters: "Follow us on facebook", "Optional[Homepage]"</td>
<td><div><pre>java.lang.NullPointerException: Cannot invoke &quot;org.openqa.selenium.WebDriver.get(String)&quot; because &quot;StepDefinitions.StepDefinition.driver&quot; is null
	at StepDefinitions.StepDefinition.homepage_of_regex_site(StepDefinition.java:47)
	at ?.homepage of site(file:///D:/Projects/Automation/AutoProject1/src/test/resources/FeatureFiles/Followusonfacebook.feature:5)
</pre></div><a href='#' onClick='toggleBox("stack-trace883380345", this, "Click to show all stack frames", "Click to hide stack frames")'>Click to show all stack frames</a>
<div class='stack-trace' id='stack-trace883380345'><pre>java.lang.NullPointerException: Cannot invoke &quot;org.openqa.selenium.WebDriver.get(String)&quot; because &quot;StepDefinitions.StepDefinition.driver&quot; is null
	at StepDefinitions.StepDefinition.homepage_of_regex_site(StepDefinition.java:47)
	at ?.homepage of site(file:///D:/Projects/Automation/AutoProject1/src/test/resources/FeatureFiles/Followusonfacebook.feature:5)
</pre></div></td>
<td>0</td>
<td>RunnerFiles.RunnerFile@49e53c76</td></tr>
<tr>
<td title='RunnerFiles.RunnerFile.runScenario()'><b>runScenario</b><br>Test class: RunnerFiles.RunnerFile<br>Test method: Runs Cucumber Scenarios<br>Parameters: "Logo", "Optional[Homepage]"</td>
<td><div><pre>java.lang.NullPointerException: Cannot invoke &quot;org.openqa.selenium.WebDriver.get(String)&quot; because &quot;StepDefinitions.StepDefinition.driver&quot; is null
	at StepDefinitions.StepDefinition.homepage_of_regex_site(StepDefinition.java:47)
	at ?.homepage of site(file:///D:/Projects/Automation/AutoProject1/src/test/resources/FeatureFiles/Logo.feature:5)
</pre></div><a href='#' onClick='toggleBox("stack-trace179808568", this, "Click to show all stack frames", "Click to hide stack frames")'>Click to show all stack frames</a>
<div class='stack-trace' id='stack-trace179808568'><pre>java.lang.NullPointerException: Cannot invoke &quot;org.openqa.selenium.WebDriver.get(String)&quot; because &quot;StepDefinitions.StepDefinition.driver&quot; is null
	at StepDefinitions.StepDefinition.homepage_of_regex_site(StepDefinition.java:47)
	at ?.homepage of site(file:///D:/Projects/Automation/AutoProject1/src/test/resources/FeatureFiles/Logo.feature:5)
</pre></div></td>
<td>0</td>
<td>RunnerFiles.RunnerFile@49e53c76</td></tr>
</table><p>
</body>
</html>