<?xml version="1.0" encoding="UTF-8"?>
<!-- Generated by org.testng.reporters.JUnitXMLReporter -->
<testsuite ignored="0" hostname="Musheer" failures="4" tests="4" name="Default test" time="1.615" errors="0" timestamp="2022-02-23T08:21:58 IST">
  <testcase classname="io.cucumber.testng.AbstractTestNGCucumberTests" name="runScenario" time="0.237">
    <failure type="java.lang.NullPointerException" message="Cannot invoke &amp;quot;org.openqa.selenium.WebDriver.get(String)&amp;quot; because &amp;quot;StepDefinitions.StepDefinition.driver&amp;quot; is null">
      <![CDATA[java.lang.NullPointerException: Cannot invoke "org.openqa.selenium.WebDriver.get(String)" because "StepDefinitions.StepDefinition.driver" is null
at StepDefinitions.StepDefinition.homepage_of_regex_site(StepDefinition.java:47)
at ✽.homepage of site(file:///D:/Projects/Automation/AutoProject1/src/test/resources/FeatureFiles/ASignupwithcorrectcredentials.feature:5)
]]>
    </failure>
  </testcase> <!-- runScenario -->
  <testcase classname="io.cucumber.testng.AbstractTestNGCucumberTests" name="runScenario" time="0.06">
    <failure type="java.lang.NullPointerException" message="Cannot invoke &amp;quot;org.openqa.selenium.WebDriver.get(String)&amp;quot; because &amp;quot;StepDefinitions.StepDefinition.driver&amp;quot; is null">
      <![CDATA[java.lang.NullPointerException: Cannot invoke "org.openqa.selenium.WebDriver.get(String)" because "StepDefinitions.StepDefinition.driver" is null
at StepDefinitions.StepDefinition.homepage_of_regex_site(StepDefinition.java:47)
at ✽.homepage of site(file:///D:/Projects/Automation/AutoProject1/src/test/resources/FeatureFiles/Followusonfacebook.feature:5)
]]>
    </failure>
  </testcase> <!-- runScenario -->
  <testcase classname="io.cucumber.testng.AbstractTestNGCucumberTests" name="runScenario" time="0.036">
    <failure type="java.lang.NullPointerException" message="Cannot invoke &amp;quot;org.openqa.selenium.WebDriver.get(String)&amp;quot; because &amp;quot;StepDefinitions.StepDefinition.driver&amp;quot; is null">
      <![CDATA[java.lang.NullPointerException: Cannot invoke "org.openqa.selenium.WebDriver.get(String)" because "StepDefinitions.StepDefinition.driver" is null
at StepDefinitions.StepDefinition.homepage_of_regex_site(StepDefinition.java:47)
at ✽.homepage of site(file:///D:/Projects/Automation/AutoProject1/src/test/resources/FeatureFiles/Logo.feature:5)
]]>
    </failure>
  </testcase> <!-- runScenario -->
  <testcase classname="io.cucumber.testng.AbstractTestNGCucumberTests" name="runScenario" time="0.043">
    <failure type="java.lang.NullPointerException" message="Cannot invoke &amp;quot;org.openqa.selenium.WebDriver.get(String)&amp;quot; because &amp;quot;StepDefinitions.StepDefinition.driver&amp;quot; is null">
      <![CDATA[java.lang.NullPointerException: Cannot invoke "org.openqa.selenium.WebDriver.get(String)" because "StepDefinitions.StepDefinition.driver" is null
at StepDefinitions.StepDefinition.homepage_of_regex_site(StepDefinition.java:47)
at ✽.homepage of site(file:///D:/Projects/Automation/AutoProject1/src/test/resources/FeatureFiles/Signinwithcorrectcredentials.feature:5)
]]>
    </failure>
  </testcase> <!-- runScenario -->
</testsuite> <!-- Default test -->
